<?xml version="1.0" encoding="UTF-8"?>
<robot generator="Robot 7.0 (Python 3.12.2 on win32)" generated="2024-06-06T15:32:36.805891" rpa="false" schemaversion="5">
<suite id="s1" name="Tests" source="C:\Users\barbiedhamija\PycharmProjects\SauceDemoAutomation\Tests">
<suite id="s1-s1" name="Login Tests" source="C:\Users\barbiedhamija\PycharmProjects\SauceDemoAutomation\Tests\login_tests.robot">
<test id="s1-s1-t1" name="User is not able to login when locked out" line="10">
<kw name="Open url in browser and maximize window" owner="reusable" type="SETUP">
<kw name="Open Browser" owner="SeleniumLibrary">
<msg time="2024-06-06T15:32:37.181872" level="INFO">Opening browser 'Firefox' to base url 'https://www.saucedemo.com/'.</msg>
<arg>${url}</arg>
<arg>${browser_name}</arg>
<doc>Opens a new browser instance to the optional ``url``.</doc>
<status status="PASS" start="2024-06-06T15:32:37.180734" elapsed="8.415831"/>
</kw>
<kw name="Maximize Browser Window" owner="SeleniumLibrary">
<doc>Maximizes current browser window.</doc>
<status status="PASS" start="2024-06-06T15:32:45.596565" elapsed="0.265611"/>
</kw>
<arg>${browser}</arg>
<status status="PASS" start="2024-06-06T15:32:37.179546" elapsed="8.682630"/>
</kw>
<kw name="Customer attempts login" owner="login_page">
<kw name="Input Text" owner="SeleniumLibrary">
<msg time="2024-06-06T15:32:45.866145" level="INFO">Typing text 'locked_out_user' into text field 'user-name'.</msg>
<arg>${uname_txt}</arg>
<arg>${uname}</arg>
<doc>Types the given ``text`` into the text field identified by ``locator``.</doc>
<status status="PASS" start="2024-06-06T15:32:45.864862" elapsed="0.362852"/>
</kw>
<kw name="Input Password" owner="SeleniumLibrary">
<msg time="2024-06-06T15:32:46.228836" level="INFO">Typing password into text field 'password'.</msg>
<msg time="2024-06-06T15:32:46.253716" level="INFO">Temporally setting log level to: NONE</msg>
<arg>${password_txt}</arg>
<arg>${pass}</arg>
<doc>Types the given password into the text field identified by ``locator``.</doc>
<status status="PASS" start="2024-06-06T15:32:46.227714" elapsed="0.129890"/>
</kw>
<kw name="Click Button" owner="SeleniumLibrary">
<msg time="2024-06-06T15:32:46.359576" level="INFO">Clicking button 'login-button'.</msg>
<arg>${login_btn}</arg>
<doc>Clicks the button identified by ``locator``.</doc>
<status status="PASS" start="2024-06-06T15:32:46.358745" elapsed="0.266344"/>
</kw>
<arg>${locked_username}</arg>
<arg>${password}</arg>
<status status="PASS" start="2024-06-06T15:32:45.863167" elapsed="0.761922"/>
</kw>
<kw name="Login should fail and error message should be displayed" owner="login_page">
<kw name="Page Should Contain" owner="SeleniumLibrary">
<msg time="2024-06-06T15:32:46.640698" level="INFO">Current page contains text 'Sorry, this user has been locked out.'.</msg>
<arg>${error_msg}</arg>
<doc>Verifies that current page contains ``text``.</doc>
<status status="PASS" start="2024-06-06T15:32:46.626233" elapsed="0.014465"/>
</kw>
<kw name="Element Should Be Visible" owner="SeleniumLibrary">
<msg time="2024-06-06T15:32:46.672789" level="INFO">Element 'login-button' is displayed.</msg>
<arg>${login_btn}</arg>
<doc>Verifies that the element identified by ``locator`` is visible.</doc>
<status status="PASS" start="2024-06-06T15:32:46.641740" elapsed="0.031049"/>
</kw>
<status status="PASS" start="2024-06-06T15:32:46.625089" elapsed="0.047700"/>
</kw>
<kw name="Close Browser" owner="SeleniumLibrary" type="TEARDOWN">
<doc>Closes the current browser.</doc>
<status status="PASS" start="2024-06-06T15:32:46.673905" elapsed="3.990646"/>
</kw>
<status status="PASS" start="2024-06-06T15:32:37.178425" elapsed="13.486126"/>
</test>
<status status="PASS" start="2024-06-06T15:32:36.844728" elapsed="13.821969"/>
</suite>
<status status="PASS" start="2024-06-06T15:32:36.820024" elapsed="13.850142"/>
</suite>
<statistics>
<total>
<stat pass="1" fail="0" skip="0">All Tests</stat>
</total>
<tag>
</tag>
<suite>
<stat pass="1" fail="0" skip="0" id="s1" name="Tests">Tests</stat>
<stat pass="1" fail="0" skip="0" id="s1-s1" name="Login Tests">Tests.Login Tests</stat>
</suite>
</statistics>
<errors>
<msg time="2024-06-06T15:32:37.157104" level="WARN">Error in file 'C:\Users\barbiedhamija\PycharmProjects\SauceDemoAutomation\Resources\reusable.robot' on line 26: The '[Return]' setting is deprecated. Use the 'RETURN' statement instead.</msg>
<msg time="2024-06-06T15:32:37.158038" level="WARN">Error in file 'C:\Users\barbiedhamija\PycharmProjects\SauceDemoAutomation\Resources\reusable.robot' on line 32: The '[Return]' setting is deprecated. Use the 'RETURN' statement instead.</msg>
</errors>
</robot>
